build/app/intermediates/manifest_merge_blame_file/release/manifest-merger-blame-release-report.txt
1<?xml version="1.0" encoding="utf-8"?>
2<manifest xmlns:android="http://schemas.android.com/apk/res/android"
3    package="com.tekdial"
4    android:versionCode="1"
5    android:versionName="1.0.0" >
6
7    <uses-sdk
8        android:minSdkVersion="16"
8-->src/main/AndroidManifest.xml
9        android:targetSdkVersion="29" />
9-->src/main/AndroidManifest.xml
10    <!--
11         io.flutter.app.FlutterApplication is an android.app.Application that
12         calls FlutterMain.startInitialization(this); in its onCreate method.
13         In most cases you can leave this as-is, but you if you want to provide
14         additional functionality it is fine to subclass or reimplement
15         FlutterApplication and put your custom class here.
16    -->
17    <uses-permission android:name="android.permission.INTERNET" />
17-->src/main/AndroidManifest.xml:8:5-67
17-->src/main/AndroidManifest.xml:8:22-64
18    <uses-permission android:name="android.permission.BLUETOOTH" />
18-->src/main/AndroidManifest.xml:9:5-67
18-->src/main/AndroidManifest.xml:9:22-65
19    <uses-permission android:name="android.permission.ACCESS_NETWORK_STATE" />
19-->[:connectivity] AndroidManifest.xml:7:5-79
19-->[:connectivity] AndroidManifest.xml:7:22-76
20    <uses-permission android:name="android.permission.ACCESS_WIFI_STATE" />
20-->[:connectivity] AndroidManifest.xml:8:5-76
20-->[:connectivity] AndroidManifest.xml:8:22-73
21
22    <application
22-->src/main/AndroidManifest.xml:10:5-46:19
23        android:name="io.flutter.app.FlutterApplication"
23-->src/main/AndroidManifest.xml:11:9-57
24        android:appComponentFactory="androidx.core.app.CoreComponentFactory"
24-->[androidx.core:core:1.1.0] AndroidManifest.xml:24:18-86
25        android:icon="@mipmap/app_icon"
25-->src/main/AndroidManifest.xml:14:9-40
26        android:label="TekDial"
26-->src/main/AndroidManifest.xml:12:9-32
27        android:networkSecurityConfig="@xml/network_security_config" >
27-->src/main/AndroidManifest.xml:13:9-69
28        <activity
28-->src/main/AndroidManifest.xml:15:9-40:20
29            android:name="com.tekdial.MainActivity"
29-->src/main/AndroidManifest.xml:16:13-52
30            android:configChanges="orientation|keyboardHidden|keyboard|screenSize|smallestScreenSize|locale|layoutDirection|fontScale|screenLayout|density|uiMode"
30-->src/main/AndroidManifest.xml:20:13-163
31            android:hardwareAccelerated="true"
31-->src/main/AndroidManifest.xml:21:13-47
32            android:launchMode="singleTop"
32-->src/main/AndroidManifest.xml:17:13-43
33            android:theme="@style/LaunchTheme"
33-->src/main/AndroidManifest.xml:18:13-47
34            android:windowSoftInputMode="adjustResize" >
34-->src/main/AndroidManifest.xml:22:13-55
35
36            <!--
37                 Specifies an Android theme to apply to this Activity as soon as
38                 the Android process has started. This theme is visible to the user
39                 while the Flutter UI initializes. After that, this theme continues
40                 to determine the Window background behind the Flutter UI.
41            -->
42            <meta-data
42-->src/main/AndroidManifest.xml:27:13-30:17
43                android:name="io.flutter.embedding.android.NormalTheme"
43-->src/main/AndroidManifest.xml:28:15-70
44                android:resource="@style/NormalTheme" />
44-->src/main/AndroidManifest.xml:29:15-52
45            <meta-data
45-->src/main/AndroidManifest.xml:32:13-35:17
46                android:name="io.flutter.embedding.android.SplashScreenDrawable"
46-->src/main/AndroidManifest.xml:33:15-79
47                android:resource="@drawable/launch_background" />
47-->src/main/AndroidManifest.xml:34:15-61
48
49            <intent-filter>
49-->src/main/AndroidManifest.xml:36:13-39:29
50                <action android:name="android.intent.action.MAIN" />
50-->src/main/AndroidManifest.xml:37:17-68
50-->src/main/AndroidManifest.xml:37:25-66
51
52                <category android:name="android.intent.category.LAUNCHER" />
52-->src/main/AndroidManifest.xml:38:17-76
52-->src/main/AndroidManifest.xml:38:27-74
53            </intent-filter>
54        </activity>
55        <!--
56             Don't delete the meta-data below.
57             This is used by the Flutter tool to generate GeneratedPluginRegistrant.java
58        -->
59        <meta-data
59-->src/main/AndroidManifest.xml:43:9-45:33
60            android:name="flutterEmbedding"
60-->src/main/AndroidManifest.xml:44:13-44
61            android:value="2" />
61-->src/main/AndroidManifest.xml:45:13-30
62
63        <activity
63-->[:url_launcher] AndroidManifest.xml:8:9-11:74
64            android:name="io.flutter.plugins.urllauncher.WebViewActivity"
64-->[:url_launcher] AndroidManifest.xml:9:13-74
65            android:exported="false"
65-->[:url_launcher] AndroidManifest.xml:10:13-37
66            android:theme="@android:style/Theme.NoTitleBar.Fullscreen" />
66-->[:url_launcher] AndroidManifest.xml:11:13-71
67    </application>
68
69</manifest>